<?xml version="1.0" encoding="UTF-8"?>
<!-- Generated by org.testng.reporters.JUnitReportReporter -->
<testsuite hostname="LAPTOP-0BNEF2JS" name="Academy.e2e.baseapp" tests="2" failures="0" timestamp="9 Jun 2020 22:42:09 GMT" time="31.021" errors="0">
  <testcase name="initializehomepage" time="24.584" classname="Academy.e2e.baseapp"/>
  <testcase name="initializehomepage" time="6.437" classname="Academy.e2e.baseapp"/>
</testsuite> <!-- Academy.e2e.baseapp -->
