<?xml version="1.0" encoding="UTF-8"?>
<!-- Generated by org.testng.reporters.JUnitReportReporter -->
<testsuite hostname="LAPTOP-0BNEF2JS" name="Academy.e2e.verifytext" tests="1" failures="0" timestamp="9 Jun 2020 22:42:09 GMT" time="0.060" errors="0">
  <testcase name="initializehomepage" time="0.060" classname="Academy.e2e.verifytext"/>
</testsuite> <!-- Academy.e2e.verifytext -->
