<?xml version="1.0" encoding="UTF-8"?>
<!-- Generated by org.testng.reporters.JUnitReportReporter -->
<testsuite hostname="LAPTOP-0BNEF2JS" name="Academy.e2e.verifytext" tests="1" failures="0" timestamp="8 Jun 2020 06:08:28 GMT" time="0.050" errors="0">
  <testcase name="initializehomepage" time="0.050" classname="Academy.e2e.verifytext"/>
</testsuite> <!-- Academy.e2e.verifytext -->
