<?xml version="1.0" encoding="UTF-8"?>
<!-- Generated by org.testng.reporters.JUnitReportReporter -->
<testsuite hostname="LAPTOP-0BNEF2JS" name="Academy.baseapp" tests="2" failures="0" timestamp="13 Jun 2020 07:18:38 GMT" time="34.007" errors="0">
  <testcase name="initializehomepage" time="26.608" classname="Academy.baseapp"/>
  <testcase name="initializehomepage" time="7.399" classname="Academy.baseapp"/>
</testsuite> <!-- Academy.baseapp -->
