<?xml version="1.0" encoding="UTF-8"?>
<!-- Generated by org.testng.reporters.JUnitReportReporter -->
<testsuite hostname="LAPTOP-0BNEF2JS" name="Academy.verifytext" tests="1" failures="0" timestamp="13 Jun 2020 07:18:38 GMT" time="0.068" errors="0">
  <testcase name="initializehomepage" time="0.068" classname="Academy.verifytext"/>
</testsuite> <!-- Academy.verifytext -->
